[   0.00000]Initalin cgrupubys cpuet
[    0.000000] Initializing cgroup subsys cpu
[    0.000000] Initializing cgroup subsys cpcct
[   00000] inux version 4.4-14-geer (uild@l01amd64-03 (c version 5.4.0 20160609 (Ubuntu 5.0-6ubuntu1~16.04.1) ) #160-Ubntu SMP Wed Aug 1 15800 UC 18(Ubutu.40-134.160-generic 4.4.140)
[    0.000000] Coma lin: OTIMAGE=/boot/vmliz-4.0-13geric root=LABEL=cloudimg-rootfsroonole=tty1 conlety0[    0.000000] KERNEsupported cpus:
[    0.000000]   Intel GenuineIntel
[    0.000000]   AMD utntcAMD
    0.000000]  entaur Ceauauls
[  .00000 x/fu: xate_oset[]:57, xstat_sizes[2]:  256
[   000000] x86/fpu: SupportingXSE eature 0x01: 'x87 floating point registers'
[    0.00000] x86/fpu: Supporting XSAVE feature 0x02:'SE registers'
[   0.000] x86/fpu: Supporting XSAVE feature 0x04: 'X gistrs
[   00000]x86/fpu: Enbl xstte features 0x7, contex size s 2 ytes, using 'standard' frm.
[   00000] e0:IOS-rode physialAMmap:
[    0.0000] BIOS820:[m 00000000000000000-0x00000000fbff usle
[    0000] BIOS-e8: em 0x0000000009fc00-0x0000000009ffff] reserved
[    0.000000] BIOS-e820: [mem 0x00000000000f0000-0x00000000000fffff] reserved
[    0.000000] BIOS-e820: [mem 0x0000000000100000-0x000000007ffeffff] usable
[   0.000000] BIOS-e820: [mem 0x000000007fff0000-0x00000007ffffff] ACPI data
[    0.000000] BIOS-e820: [mem x00000fe00000-0x0000000ecff] reerd
[  0.00000] IOS-e820: [mem 0x00000fee0000-0x00000000fee00fff]esered
[  00000]IO-e82 [m 0x000000fc0000-0x00000000ffffffff] reerd
[   0.00000]  (xeteisable) protecon ative[   0.00000] SMBS .5 pest.
[    0000] Hypevir detcted: KVM
[    0.00000] e820: last_pfn = 0x7fff0 max_arch_pfn = 0x400000000
[    0.000000] MTRR: Disabled
[    0.000000] x86/PAT: MTRRs disabled, skipping PAT initializatiotoo.
[    0.000000] C MTRRs all blank - vrtalized syte.
[    0.000000] x86/PAT: Congution[0]: WB  WT  UC- UC  WB  WT  UC- UC  
[    0.000000] found SMP MP-table at [mem 0x0009fff0-0x0009ffff] mapped at [ffff88000009fff0]
[    0.000000] Scanning 1 areas for low memory corruption
[    0.000000] RAMDISK: [mem 0x3630c000-0x3717dfff]
[    0.000000] ACPI: Erly taleheckum vricaion dsale
    0.00000] AC: SDP 0x00000000000E0000 0004 (v VBOX  )
[   0.0000] API: XSDT 0x000000007FFF0030 00003C (v01 VBOX   VBOXXSDT 00000001 ASL  00000061)
[    0.000000] ACPI: FACP 0x000000007FFF00F0 0000F4 (v04 VBOX   VBOXFACP 00000001 ASL  00000061)
[    0.000000] ACPI: DSDTx0000007FFF0470 0021FF (v02 VBOX   VBOXBIOS 00000002 INTL 20100528)
[    0.00000]ACPI: FACS 0x00000007FFF0200 000040
[    0.000000] ACPI: FACS 0x000000007FFF0200 000040
[    0.000000 AI:APIC 0x0000007F0240 00005C (v02 VBOX   VBOXAPIC 00000001 ASL  00000061)
[    0.000000] ACPI: SSDT 0x000000007FFF02A0 00CCv01 VBOX   VBOXPUT 000000 ITL 21028
[    0.000000 N NA configutin found
[    0.000000] Faking a node at mem 0x000000000000000-x000000007ffeffff]
[    0.000000NODE_DA( allocaedmem 0x7fb0-0x7ffeff
    .000] kvm-clk:singms 4b54d01 a 4b564d
[    0.00000]kvcloc: u , msr 0ff001,prary cp clock
  0.0000] m-lock: usinsched offset of 49740437 cycles
[    .000] clocsoce kvmclk:mask: 0xfffffffffffff max_cycles: 0x1cd42e4dffb, max_idle_ns: 881590591483 ns
[    0.000000] Zone ranges:
[    0.000000]   DMA      [mem 0x0000000000001000-0x0000000000ffffff]
[    0.000000]   DMA32    [mem 0x0000000001000000-0x000000007ffeffff]
[    0.00000]  Normal   empty
[    0.000000]   Device   empty
[  0.0000 Mvablzone sar for each node   0.000] arly mery node raes
[    0.000]  node 0: em 000000000000x0000000009ff]
[    00000   node  0[mem 0x00000001000000x000000ffffff]   0.00000 Iitme setup node 0 [em0x0000000010000x0000007ffefff]
[    0.000000] ACPI: PM-Timer IO Port: 0x4008
[    0.000000] IOAPIC[0]: apic_id 2, version 32, address 0xfec00000, GI 0-23
[    0.000000] ACPI: INT_SRC_OVR (bus 0 bus_irq 0 global_irq 2 dfl dfl)
[    0.000000] ACPI: INT_SRC_OVR (bus 0 bus_irq 9 global_irq 9 low level)
[    0.000000] Using ACPI (MADT) for SMP configuration information
[    0.000000] smpboot: Allowing 2 CPUs, 0 hoplug CPUs
[    0.000000] PM: Registered nsave meor [em 0x0000-0x00000f]
[    0.000 PM: Registered nosav mor: [mem 000f00-0x00ff]
[  000000]PMReisted save mor [mem 000000-0x000effff]
[   0.0000] M:egsterd osave memoy: [mem 0x000f0000x0fffff
[    0.0000] e820 [m x80000-0febfffff] available for PCI devices
[    0.000000] Booting paravirtualized kerel on KVM
[    0.00000] clcksource refined-jiffies: mask: 0xffffffff max_cyces0xffffff mx_idle_: 4551962168 ns
[  0.000000] setup_percp NR_PU51 nr_umk_bits512 nr_cpuds2 nr_node_ids:1
[   0.00000] ERCPU:Emddd 3 pages/cpufff8807f000 s954r8192 d3128 u104857
   0.000] V qspiochashtae ntries25(order: , 96bytes)
[   0.000000] Built 1 zonelists in Node order, mobility grouing on.  Total pages: 515960
[    0.000000] Policy zone:DMA3
[   0.000000] Kerne cmand li: BOOT_MAE=/boot/vmlinz-4.-134-genic root=LABEL=cloudimg-rootfs ro onsole=tty1console=ttyS
[   0.000000PIhash tlentris:09 (orer3, 32768 ytes)[    .000000Mery 20291/29696avilable (8554K kernel code, 14rwdata 400 rdata, 1516K init, 1316K ss6678K rerv, 0Kcma-reserved
[   0.0000SLUB: HWalign=64, Order=0-3, MinObjects=0, CPUs=2, Nodes=1
[    0.000000] Kernel/User page tables isolation: enabled
[    0.000000] Hierarchical R implementation.[    0.0000] 	ild-time adjustment of leaf fanout to 64.
[    0.000000] 	RCU restricting CPUs from N_CUS=512 to nr_cpu_id2.
[    0.000000] RCU: Adjusting geometry forrc_fanout_leaf=64, nr_cpu_ids=2
[    0.000000] NR_IRQS:3324 nr_irqs:440 16
[    0.0000] onle: clo VGA+ 80x25[  0.000000] console [ty eable
   .000000] console ttS0] enabled
[  000000] tsc: Detected 3095.998 MHz processor
[   11.173525] Calibrating delay loop (skipped) preset value.. 6191.99 BogoMIPS (lpj=12383992)
[   11.219856] pid_max: default: 32768 minimum: 301
[   11.253136] ACPI: Core revision 20150930
[   11.292287] ACPI: 2 ACPI AML tables successfully acquired and loaded
[   11.343893] Security Framework initialized
[   11.400210] Yama: becoming mindful.
[   11.413692] AppArmor: AppArmor initialized
[   11.425599] Dentry cache hash table entries: 262144 (order: 9, 2097152 bytes)
[   11.488505] Inode-cache hash table entries: 131072 (order: 8, 1048576 bytes)
[   11.529563] Mount-cache hash table entries: 4096 (order: 3, 32768 bytes)
[   11.547367] Mountpoint-cache hash table entries: 4096 (order: 3, 32768 bytes)
[   11.551709] Initializing cgroup subsys io
[   11.552831] Initializing cgroup subsys memory
[   11.563501] Initializing cgroup subsys devices
[   11.568216] Initializing cgroup subsys freezer
[   11.569486] Initializing cgroup subsys net_cls
[   11.575461] Initializing cgroup subsys perf_event
[   11.576563] Initializing cgroup subsys net_prio
[   11.577612] Initializing cgroup subsys hugetlb
[   11.578670] Initializing cgroup subsys pids
[   11.580850] mce: CPU supports 0 MCE banks
[   11.581669] Last level iTLB entries: 4KB 64, 2MB 8, 4MB 8
[   11.582670] Last level dTLB entries: 4KB 64, 2MB 0, 4MB 0, 1GB 4
[   11.583796] Spectre V2 : Mitigation: Full generic retpoline
[   11.584802] Spectre V2 : Speculation control IBPB not-supported IBRS not-supported
[   11.607772] Spectre V2 : Filling RSB on context switch
[   11.682635] Speculative Store Bypass: Vulnerable
[   11.699201] Freeing SMP alternatives memory: 32K
[   11.764352] ftrace: allocating 32266 entries in 127 pages
[   11.871552] smpboot: APIC(0) Converting physical 0 to logical package 0
[   11.933019] smpboot: Max logical packages: 1
[   12.011017] x2apic enabled
[   12.053499] Switched APIC routing to physical x2apic.
[   12.134431] ..TIMER: vector=0x30 apic1=0 pin1=2 apic2=-1 pin2=-1
[   12.307114] smpboot: CPU0: Intel(R) Core(TM) i7-7920HQ CPU @ 3.10GHz (family: 0x6, model: 0x9e, stepping: 0x9)
[   12.433029] Performance Events: unsupported p6 CPU model 158 no PMU driver, software events only.
[   12.556545] KVM setup paravirtual spinlock
[   12.615719] x86: Booting SMP configuration:
[   12.631912] .... node  #0, CPUs:      #1
[   12.646492] kvm-clock: cpu 1, msr 0:7ffe3041, secondary cpu clock
[   12.648898] mce: CPU supports 0 MCE banks
[   12.652769] x86: Booted up 1 node, 2 CPUs
[   12.654115] smpboot: Total of 2 processors activated (12383.99 BogoMIPS)
[   12.663938] devtmpfs: initialized
[   12.666490] evm: security.selinux
[   12.667439] evm: security.SMACK64
[   12.668456] evm: security.SMACK64EXEC
[   12.669529] evm: security.SMACK64TRANSMUTE
[   12.670758] evm: security.SMACK64MMAP
[   12.671856] evm: security.ima
[   12.672709] evm: security.capability
[   12.679307] clocksource: jiffies: mask: 0xffffffff max_cycles: 0xffffffff, max_idle_ns: 7645041785100000 ns
[   12.681097] futex hash table entries: 512 (order: 3, 32768 bytes)
[   12.682291] pinctrl core: initialized pinctrl subsystem
[   12.714396] RTC time: 20:42:12, date: 09/20/18
[   12.733830] NET: Registered protocol family 16
[   12.800313] cpuidle: using governor ladder
[   12.844402] cpuidle: using governor menu
[   12.895234] PCCT header not found.
[   12.932070] ACPI: bus type PCI registered
[   12.975547] acpiphp: ACPI Hot Plug PCI Controller Driver version: 0.5
[   13.044446] PCI: Using configuration type 1 for base access
[   13.105800] ACPI: Added _OSI(Module Device)
[   13.142895] ACPI: Added _OSI(Processor Device)
[   13.185748] ACPI: Added _OSI(3.0 _SCP Extensions)
[   13.209277] ACPI: Added _OSI(Processor Aggregator Device)
[   13.259428] ACPI: Executed 1 blocks of module-level executable AML code
[   13.294922] ACPI: Interpreter enabled
[   13.331407] ACPI: (supports S0 S5)
[   13.358036] ACPI: Using IOAPIC for interrupt routing
[   13.362311] PCI: Using host bridge windows from ACPI; if necessary, use "pci=nocrs" and report a bug
[   13.367867] ACPI: PCI Root Bridge [PCI0] (domain 0000 [bus 00-ff])
[   13.376178] acpi PNP0A03:00: _OSC: OS supports [ASPM ClockPM Segments MSI]
[   13.379716] acpi PNP0A03:00: _OSC: not requesting OS control; OS requires [ExtendedConfig ASPM ClockPM MSI]
[   13.401201] acpi PNP0A03:00: fail to add MMCONFIG information, can't access extended PCI configuration space under this bridge.
[   13.426970] PCI host bridge to bus 0000:00
[   13.442918] pci_bus 0000:00: root bus resource [io  0x0000-0x0cf7 window]
[   13.473628] pci_bus 0000:00: root bus resource [io  0x0d00-0xffff window]
[   13.485283] pci_bus 0000:00: root bus resource [mem 0x000a0000-0x000bffff window]
[   13.523682] pci_bus 0000:00: root bus resource [mem 0x80000000-0xfdffffff window]
[   13.533420] pci_bus 0000:00: root bus resource [bus 00-ff]
[   13.544136] pci 0000:00:01.1: legacy IDE quirk: reg 0x10: [io  0x01f0-0x01f7]
[   13.576514] pci 0000:00:01.1: legacy IDE quirk: reg 0x14: [io  0x03f6]
[   13.609975] pci 0000:00:01.1: legacy IDE quirk: reg 0x18: [io  0x0170-0x0177]
[   13.643533] pci 0000:00:01.1: legacy IDE quirk: reg 0x1c: [io  0x0376]
[   13.700697] pci 0000:00:07.0: quirk: [io  0x4000-0x403f] claimed by PIIX4 ACPI
[   13.736717] pci 0000:00:07.0: quirk: [io  0x4100-0x410f] claimed by PIIX4 SMB
[   13.771354] ACPI: PCI Interrupt Link [LNKA] (IRQs 5 9 10 *11)
[   13.779924] ACPI: PCI Interrupt Link [LNKB] (IRQs 5 9 *10 11)
[   13.788123] ACPI: PCI Interrupt Link [LNKC] (IRQs 5 *9 10 11)
[   13.795803] ACPI: PCI Interrupt Link [LNKD] (IRQs 5 9 10 *11)
[   13.799474] ACPI: Enabled 2 GPEs in block 00 to 07
[   13.803270] vgaarb: setting as boot device: PCI:0000:00:02.0
[   13.810427] vgaarb: device added: PCI:0000:00:02.0,decodes=io+mem,owns=io+mem,locks=none
[   13.836770] vgaarb: loaded
[   13.842224] vgaarb: bridge control possible 0000:00:02.0
[   13.845845] SCSI subsystem initialized
[   13.848011] ACPI: bus type USB registered
[   13.849835] usbcore: registered new interface driver usbfs
[   13.870101] usbcore: registered new interface driver hub
[   13.871614] usbcore: registered new device driver usb
[   13.874118] PCI: Using ACPI for IRQ routing
[   13.879675] NetLabel: Initializing
[   13.882616] NetLabel:  domain hash size = 128
[   13.883754] NetLabel:  protocols = UNLABELED CIPSOv4
[   13.886496] NetLabel:  unlabeled traffic allowed by default
[   13.888398] amd_nb: Cannot enumerate AMD northbridges
[   13.891374] clocksource: Switched to clocksource kvm-clock
[   13.904348] AppArmor: AppArmor Filesystem nabled
[   13.35568] pnp: PnP ACPI init
[   13.970739] pnp: PnP ACPI: found 3 devices

[   13988547] clocksource: acpi_pm: mask: 0xffffff macycles: 0xffffff, ma_iles: 2085701024 ns
[   .167850] NET: Restered rotol mi 2
[   14.458746] TCP established hash table entries: 16384 (order: 5, 131072 bytes)
[   14.461354] TCP bind hash table entries: 16384 (order: 6, 262144 bytes)
[   14.462546] TCP: Hash tlecoiged (established 16384 bind 138
  4.43] UDP hash tableentries: 1024 (order: 3, 32768 bytes)
[   14.904174] UDP-Lite hash table entries: 1024 (order: 3, 32768 bytes)
[  4.5872 NET: Registered potolamy 
[   15.240164] pci 00::00:imindirecPCICIransfers
[   15.641616] pci 000:00:01.0: Activating ISA DMA hang workarounds
[ 156625Unckg itramfs...
[   16.176536] Freeing initrd memory: 14792K
[   16.224158] platform rtc_cmos: registered platform RTC device (no PNP device found)
[   16.281451] Scanning for low memory corruption every 60 seconds
[   16.353197] audit: initializing netlink subsys (disabled)
[   16.458478] audit: type=2000 audit(1537476129.913:1): initialized
[   16.490837] Initialise system trusted keyring
[   16.548640] HugeTLB registered 2 MB page size, pre-allocated 0 pages
[   16.624969] zbud: loaded
[   16.637768] VFS: Disk quotas dquot_6.6.0
[   16.710866] VFS: Dquot-cache hash table entries: 512 (order 0, 4096 bytes)
[   16.809676] squashfs: version 4.0 (2009/01/31) Phillip Lougher
[   16.881097] fuse init (API version 7.23)
[   16.932960] Key type big_key registered
[   16.967918] Allocating IMA MOK and blacklist keyrings.
[   17.041006] Key type asymmetric registered
[   17.064562] Asymmetric key parser 'x509' registered
[   17.066927] Block layer SCSI generic (bsg) driver version 0.4 loaded (major 249)
[   17.070171] io scheduler noop registered
[   17.071192] io scheduler deadline registered (default)
[   17.082480] io scheduler cfq registered
[   17.083837] pci_hotplug: PCI Hot Plug PCI Core version: 0.5
[   17.086659] pciehp: PCI Express Hot Plug Controller Driver version: 0.4
[   17.090088] ACPI: AC Adapter [AC] (on-line)
[   17.092746] input: Power Button as /devices/LNXSYSTM:00/LNXPWRBN:00/input/input0
[   17.094457] ACPI: Power Button [PWRF]
[   17.096621] input: Sleep Button as /devices/LNXSYSTM:00/LNXSLPBN:00/input/input1
[   17.100168] ACPI: Sleep Button [SLPF]
[   17.102031] ACPI: Battery Slot [BAT0] (battery present)
[   17.103131] GHES: HEST is not enabled!
[   17.104112] Serial: 8250/16550 driver, 32 ports, IRQ sharing enabled
[   17.128083] 00:02: ttyS0 at I/O 0x3f8 (irq = 4, base_baud = 115200) is a 16550A
[   17.271397] tsc: Refined TSC clocksource calibration: 3096.126 MHz
[   17.360250] clocksource: tsc: mask: 0xffffffffffffffff max_cycles: 0x2ca0fc0974d, max_idle_ns: 440795279528 ns
[   17.365097] Linux agpgart interface v0.103
[   17.476594] loop: module loaded
[   17.477011] scsi host0: ata_piix
[   17.477055] scsi host1: ata_piix
[   17.477078] ata1: PATA max UDMA/33 cmd 0x1f0 ctl 0x3f6 bmdma 0xd000 irq 14
[   17.477079] ata2: PATA max UDMA/33 cmd 0x170 ctl 0x376 bmdma 0xd008 irq 15
[   17.477135] libphy: Fixed MDIO Bus: probed
[   17.477137] tun: Universal TUN/TAP device driver, 1.6
[   17.477137] tun: (C) 1999-2004 Max Krasnyansky <maxk@qualcomm.com>
[   17.477427] PPP generic driver version 2.4.2
[   17.477469] ehci_hcd: USB 2.0 'Enhanced' Host Controller (EHCI) Driver
[   17.477474] ehci-pci: EHCI PCI platform driver
[   17.477486] ehci-platform: EHCI generic platform driver
[   17.477491] ohci_hcd: USB 1.1 'Open' Host Controller (OHCI) Driver
[   17.477494] ohci-pci: OHCI PCI platform driver
[   17.477500] ohci-platform: OHCI generic platform driver
[   17.477505] uhci_hcd: USB Universal Host Controller Interface driver
[   17.477547] i8042: PNP: PS/2 Controller [PNP0303:PS2K,PNP0f03:PS2M] at 0x60,0x64 irq 1,12
[   17.477962] serio: i8042 KBD port at 0x60,0x64 irq 1
[   17.477965] serio: i8042 AUX port at 0x60,0x64 irq 12
[   17.478038] mousedev: PS/2 mouse device common for all mice
[   17.478357] input: AT Translated Set 2 keyboard as /devices/platform/i8042/serio0/input/input2
[   17.478657] rtc_cmos rtc_cmos: rtc core: registered rtc_cmos as rtc0
[   17.478699] rtc_cmos rtc_cmos: alarms up to one day, 114 bytes nvram
[   17.478704] i2c /dev entries driver
[   17.478743] device-mapper: uevent: version 1.0.3
[   17.478779] device-mapper: ioctl: 4.34.0-ioctl (2015-10-28) initialised: dm-devel@redhat.com
[   17.478794] ledtrig-cpu: registered to indicate activity on CPUs
[   17.478985] NET: Registered protocol family 10
[   17.479086] NET: Registered protocol family 17
[   17.479094] Key type dns_resolver registered
[   17.479294] registered taskstats version 1
[   17.479303] Loading compiled-in X.509 certificates
[   17.479759] Loaded X.509 cert 'Build time autogenerated kernel key: 4eb3d024ac16f76c1747ffd474694c84db21038b'
[   17.479772] zswap: loaded using pool lzo/zbud
[   17.481123] Key type trusted registered
[   17.483210] Key type encrypted registered
[   17.483215] AppArmor: AppArmor sha1 policy hashing enabled
[   17.483218] ima: No TPM chip found, activating TPM-bypass!
[   17.483221] ima: Allocated hash algorithm: sha1
[   17.483231] evm: HMAC attrs: 0x1
[   17.483491]   Magic number: 2:329:751
[   17.483495] misc uinput: hash matches
[   17.483497] ata_link link2: hash matches
[   17.483498]  link2: hash matches
[   17.483505] tty ttyS2: hash matches
[   17.491182] rtc_cmos rtc_cmos: setting system clock to 2018-09-20 20:42:17 UTC (1537476137)
[   17.491292] BIOS EDD facility v0.16 2004-Jun-25, 0 devices found
[   17.491292] EDD information not available.
[   18.705428] Freeing unused kernel memory: 1516K
[   19.042768] Write protecting the kernel read-only data: 14336k
[   19.881351] Freeing unused kernel memory: 1672K
[   19.949405] Freeing unused kernel memory: 92K
Loading, please [   20.002544] random: systemd-udevd: uninitialized urandom read (16 bytes read, 9 bits of entropy available)
wait...
startin[   20.003111] random: udevadm: uninitialized urandom read (16 bytes read, 9 bits of entropy available)
g version 229
[   20.003129] random: udevadm: uninitialized urandom read (16 bytes read, 9 bits of entropy available)
[   20.010402] random: udevadm: uninitialized urandom read (16 bytes read, 9 bits of entropy available)
[   20.010439] random: udevadm: uninitialized urandom read (16 bytes read, 9 bits of entropy available)
[   20.010540] random: udevadm: uninitialized urandom read (16 bytes read, 9 bits of entropy available)
[   20.010577] random: udevadm: uninitialized urandom read (16 bytes read, 9 bits of entropy available)
[   20.010614] random: udevadm: uninitialized urandom read (16 bytes read, 9 bits of entropy available)
[   20.010651] random: udevadm: uninitialized urandom read (16 bytes read, 9 bits of entropy available)
[   20.010684] random: udevadm: uninitialized urandom read (16 bytes read, 9 bits of entropy available)
[   20.444969] e1000: Intel(R) PRO/1000 Network Driver - version 7.3.21-k8-NAPI
[   20.491775] e1000: Copyright (c) 1999-2006 Intel Corporation.
[   20.542548] AVX2 version of gcm_enc/dec engaged.
[   20.548037] Fusion MPT base driver 3.04.20
[   20.548037] Copyright (c) 1999-2008 LSI Corporation
[   20.705135] AES CTR mode by8 optimization enabled
[   20.716938] Fusion MPT SPI Host driver 3.04.20
[   20.845642] input: ImExPS/2 Generic Explorer Mouse as /devices/platform/i8042/serio1/input/input4
[   21.137256] e1000 0000:00:03.0 eth0: (PCI:33MHz:32-bit) 02:93:23:4d:82:b3
[   21.189996] e1000 0000:00:03.0 eth0: Intel(R) PRO/1000 Network Connection
[   21.258914] mptbase: ioc0: Initiating bringup
[   21.259414] e1000 0000:00:03.0 enp0s3: renamed from eth0
[   21.542822] ioc0: LSI53C1030 A0: Capabilities={Initiator}
[   22.698474] scsi host2: ioc0: LSI53C1030 A0, FwRev=00000000h, Ports=1, MaxQ=256, IRQ=20
[   23.553860] scsi 2:0:0:0: Direct-Access     VBOX     HARDDISK         1.0  PQ: 0 ANSI: 5
[   23.588519] scsi target2:0:0: Beginning Domain Validation
[   23.600130] scsi target2:0:0: Domain Validation skipping write tests
[   23.653973] scsi target2:0:0: Ending Domain Validation
[   23.663737] scsi target2:0:0: asynchronous
[   23.681282] scsi 2:0:1:0: Direct-Access     VBOX     HARDDISK         1.0  PQ: 0 ANSI: 5
[   23.708468] scsi target2:0:1: Beginning Domain Validation
[   23.738143] scsi target2:0:1: Domain Validation skipping write tests
[   23.747196] scsi target2:0:1: Ending Domain Validation
[   23.762387] scsi target2:0:1: asynchronous
[   23.778906] sd 2:0:0:0: [sda] 20971520 512-byte logical blocks: (10.7 GB/10.0 GiB)
[   23.779029] sd 2:0:0:0: Attached scsi generic sg0 type 0
[   23.797190] sd 2:0:1:0: Attached scsi generic sg1 type 0
[   23.833849] sd 2:0:1:0: [sdb] 20480 512-byte logical blocks: (10.5 MB/10.0 MiB)
[   23.833997] sd 2:0:0:0: [sda] Write Protect is off
[   23.834147] sd 2:0:0:0: [sda] Incomplete mode parameter data
[   23.834148] sd 2:0:0:0: [sda] Assuming drive cache: write through
[   23.925061]  sda: sda1
[   23.926101] sd 2:0:0:0: [sda] Attached SCSI disk
[   24.051843] sd 2:0:1:0: [sdb] Write Protect is off
[   24.064941] sd 2:0:1:0: [sdb] Incomplete mode parameter data
[   24.068709] sd 2:0:1:0: [sdb] Assuming drive cache: write through
[   24.086900] sd 2:0:1:0: [sdb] Attached SCSI disk
Begin: Loading e[   25.464317] md: linear personality registered for level -1
ssential drivers[   25.496376] md: multipath personality registered for level -4
 ... [   25.521369] md: raid0 personality registered for level 0
[   25.573261] md: raid1 personality registered for level 1
[   25.675975] raid6: sse2x1   gen()  9046 MB/s
[   25.743465] raid6: sse2x1   xor()  5050 MB/s
[   25.827643] raid6: sse2x2   gen()  3347 MB/s
[   25.895527] raid6: sse2x2   xor()  3597 MB/s
[   25.967799] raid6: sse2x4   gen()  3786 MB/s
[   26.043547] raid6: sse2x4   xor()  2080 MB/s
[   26.115683] raid6: avx2x1   gen()  9078 MB/s
[   26.187565] raid6: avx2x2   gen() 14730 MB/s
[   26.259495] raid6: avx2x4   gen() 17868 MB/s
[   26.272202] raid6: using algorithm avx2x4 gen() 17868 MB/s
[   26.275389] raid6: using avx2x2 recovery algorithm
[   26.281809] xor: automatically using best checksumming function:
[   26.343673]    avx       : 25826.000 MB/sec
[   26.365541] async_tx: api initialized (async)
[   26.379692] md: raid6 personality registered for level 6
[   26.391984] md: raid5 personality registered for level 5
[   26.434714] md: raid4 personality registered for level 4
[   26.475767] md: raid10 personality registered for level 10
done.
Begin: Running /scripts/init-premount ... done.
Begin: M[   26.514673] Btrfs loaded
ounting root file system ... Begin: Running /scr[   26.570491] EXT4-fs (sda1): INFO: recovery required on readonly filesystem
ipts/local-top .[   26.633655] EXT4-fs (sda1): write access will be enabled during recovery
.. done.
Begin: Running /scripts/local-premount ... Scanning for Btrfs filesystems
done.
Warning: fsck not present, so skipping root file system
[   26.770302] EXT4-fs (sda1): recovery complete
[   27.023714] EXT4-fs (sda1): mounted filesystem with ordered data mode. Opts: (null)
done.
Begin: Running /scripts/local-bottom ... done.
Begin: Running /scripts/init-bottom ... done.
[   27.355535] systemd[1]: systmd 229 rninin system mode. (+PAM+AITSELNUX +IMA +APPARMOR +SMACK +SYSVINIT +UTMP +LIBCRYPTSETUP +GCRYPT +GNUTLS +ACL +XZ -LZ4 +SECCOMP +BLKID +ELFUTILS +KMOD -IDN)
[   27709syem[1]: Detected virtualization orle
[  28.117452] systemd[1]: Detected architcte 6-.


Welcome to [1mUbuntu 16.04.5 LTS[0m!

[   28.342068] systemd[1]: Set hostnam to ubtuenl>.

[   28.691955] random: nonblocking pool is initialized
[   28.886810syem[1]:StteForward Password Requests to Wall Directory Watch.
[[0;32m  OK  [0m] Started Forward Password Requests to Wall Directory Watch.
[   29.215618] systemd[1]: Reached target User and Group Name Lookups.
[[0;32m  OK  [0m] Reached target User and Group Name Lookups.
[   29.277 system1] Started Trigger reslvconf update for networkd DNS.
[[0;32m  OK  [0m] Started Trigger resolvconf update for networkd DNS.
[   29.477365] systemd1] Lstening on udev Control Socket.
[[0;32m  OK  [0m] Listening on udev Control Socket.
[   29.554296] systemd[1]: Listening on LVM2 poll daemon socket.
[[0;32m  OK  [0m] Listening on LVM2 poll daemon socket.
[ 29448] sysmd[1]: Created slice System Slice.
[[0;32m  OK  [0m] Created slice System Slice.
[   29.928885] systemd[1]: Reached target Swap.
[[0;32m  OK  [0m] Reached target Swap.
[ 29930941] systemd[1]: isni on udev KerneSoet

[[0;32m  OK  [0m] Listening on udev Kernel Socket.
[   3.352 ste[1]: Listni oSylog Socket.
[[0;32m  OK  [0m] Listening on Syslog Socket.
[ 30633]ysmd[]: Lstening on LVM2 metadata daemon socket.
[[0;32m  OK  [0m] Listening on LVM2 metadata daemon socket.
[   31.210 sstemd[]:reedli Ur ndession Slice.
[[0;32m  OK  [0m] Created slice User and Session Slice.
[ 31157] systemd[1]: Reached target Slices.

[[0;32m  OK  [0m] Reached target Slices.
[  387193]ystemd[1]: Set up automount Arbitrary Exeutle File Frmts File System AutomunPot.

[[0;32m  OK  [0m] Set up automount Arbitrary Executab...ats File System Automount Point.
[ 32438] stmd]:isning on Journal Socket.
[[0;32m  OK  [0m] Listening on Journal Socket.
[   32.752072] systemd[1]: Starting Nameserver information manager...
         Starting Nameserver information manager...
[   32.757581] systemd[1]: Starting Remount Root and Kernel File Systems...
         Starting Remount[   32.781581] EXT4-fs (sda1): re-mounted. Opts: (null)
 Root and Kernel File Systems...
[   32.888229] systemd[1]: Starting Create list of required static device nodes for the current kernel...
         Starting Create list of required st... nodes for the current kernel...
[   33.039591] systemd[1]: Mounting Huge Pages File System...
         Mounting Huge Pages File System...
[   33.168420] systemd[1]: Starting Set console keymap...
         Starting Set console keymap...
[   33.237452] systemd[1]: Created slice system-serial\x2dgetty.slice.
[[0;32m  OK  [0m] Created slice system-serial\x2dgetty.slice.
[ 33338]ystemd[1]: Listenig  Jrnal Audit Socket.
[[0;32m  OK  [0m] Listening on Journal Audit Socket.
[   33.732747] systemd[1]: Listening on /dev/initctl Compatibility Nam Pipe.

[[0;32m  OK  [0m] Listening on /dev/initctl Compatibility Named Pipe.
[   33.832561] systemd[1]: Listening on Device-mapper event daemon FIFOs.
[[0;32m  OK  [0m] Listening on Device-mapper event daemon FIFOs.
[   33.863715] systemd[1]: Starting Monitoring of LVM2 mirrors, snapshots etc. using dmeventd or progress polling...
         Starting Monitoring of LVM2 mirrors... dmeventd or progress polling...
[   33.872098] systemd[1]: Mounting POSIX Message Queue File System...
         Mounting POSIX Message Queue File System...
[   33.931663] systemd1]:eached target System Time Synchronized.
[[0;32m  OK  [0m] Reached target System Time Synchronized.
[   34.103965] systemd[1]: Starting Load Kernel Modules...
         [   34.164320] Loading iSCSI transport class v2.0-870.
Starting Load Ke[   34.196880] iscsi: registered transport (tcp)
rnel Modules...
[   34.272549] iscsi: registered transport (iser)
[   34.319667] systemd[1]: Mounting Debug File System...
         Mounting Debug File System...
[   34.405900] systemd[1]: Starting Uncomplicated firewall...
         Starting Uncomplicated firewall...
[   34.452435] systemd[1]: Listening on Journal Socket (/dev/log).
[[0;32m  OK  [0m] Listening on Journal Socket (/dev/log).
[   34.532098] systemd[1]: Starting Journal Service...
         Starting Journal Service...
[   34.579224] systemd[1]: Reached target Encrypted Volumes.
[[0;32m  OK  [0m] Reached target Encrypted Volumes.
[   34.600677] systemd[1]: Mounted POSIX Message Queue File System.
[[0;32m  OK  [0m] Mounted POSIX Message Queue File System.
[   34.654768] systemd[1]: Mounted Debug File System.
[[0;32m  OK  [0m] Mounted Debug File System.
[   34.687668] systemd[1]: Mounted Huge Pages File System.
[[0;32m  OK  [0m] Mounted Huge Pages File System.
[   34.705577] systemd[1]: Started Journal Service.
[[0;32m  OK  [0m] Started Journal Service.
[[0;32m  OK  [0m] Started Remount Root and Kernel File Systems.
[[0;32m  OK  [0m] Started Create list of required sta...ce nodes for the current kernel.
[[0;32m  OK  [0m] Started Set console keymap.
[[0;32m  OK  [0m] Started Load Kernel Modules.
[[0;32m  OK  [0m] Started Uncomplicated firewall.
[[0;32m  OK  [0m] Started Nameserver information manager.
[[0;32m  OK  [0m] Started LVM2 metadata daemon.
         Mounting FUSE Control File System...
         Starting Apply Kernel Variables...
         Starting Create Static Device Nodes in /dev...
         Starting udev Coldplug all Devices...
         Starting Load/Save Random Seed...
         Starting Flush Journal to Persistent Storage...
[[0;32m  OK  [0m] Mounted FUSE Control File System.
[[0;32m  OK  [0m] Started Apply Kernel Variables.
[[0;32m  OK  [0m] Started Create Static Device Nodes in /dev.
[[0;32m  OK  [0m] Started Load/Save Random Seed.
[[0;32m  OK  [0m] Started Monitoring of LVM2 mirrors,...ng dmeventd or progress polling.
[[0;32m  OK  [0m] Started udev Coldplug all Devices.
[[0;32m  OK  [0m] Started Flush Journal to Persistent Storage.
         Starting udev Kernel Device Manager...
[[0;32m  OK  [0m] Started udev Kernel Device Manager.
[[0;32m  OK  [0m] Started Dispatch Password Requests to Console Directory Watch.
[[0;32m  OK  [0m] Reached target Local File Systems (Pre).
[[0;32m  OK  [0m] Reached target Local File Systems.
         Starting LSB: AppArmor initialization...
         Starting Create Volatile Files and Directories...
         Starting Initial cloud-init job (pre-networking)...
         Starting Tell Plymouth To Write Out Runtime Data...
         Starting Set console font and keymap...
[[0;32m  OK  [0m] Started Create Volatile Files and Directories.
[[0;32m  OK  [0m] Started Tell Plymouth To Write Out Runtime Data.
[[0;32m  OK  [0m] Found device /dev/ttyS0.
[[0;32m  OK  [0m] Listening on Load/Save RF Kill Switch Status /dev/rfkill Watch.
         Starting Update UTMP about System Boot/Shutdown...
[[0;32m  OK  [0m] Started Update UTMP about System Boot/Shutdown.
[[0;32m  OK  [0m] Started LSB: AppArmor initialization.
[[0;32m  OK  [0m] Found device 82540EM Gigabit Ethern...r (PRO/1000 MT Desktop Adapter).
[[0;32m  OK  [0m] Started Set console font and keymap.
[   23.265274] cloud-init[495]: Cloud-init v. 18.3-9-g2e62cb8a-0ubuntu1~16.04.2 running 'init-local' at Thu, 20 Sep 2018 20:42:36 +0000. Up 22.98 seconds.
[[0;32m  OK  [0m] Started Initial cloud-init job (pre-networking).
[[0;32m  OK  [0m] Reached target Network (Pre).
         Starting Raise network interfaces...
[[0;32m  OK  [0m] Started ifup for enp0s3.
[[0;32m  OK  [0m] Created slice system-getty.slice.
[[0;32m  OK  [0m] Started Raise network interfaces.
[[0;32m  OK  [0m] Reached target Network.
         Starting Initial cloud-init job (metadata service crawler)...
[   24.327736] cloud-init[951]: Cloud-init v. 18.3-9-g2e62cb8a-0ubuntu1~16.04.2 running 'init' at Thu, 20 Sep 2018 20:42:37 +0000. Up 24.07 seconds.
[[0;32m  OK  [0m] Started Initial cloud-init job (metadata service crawler).
[[0;32m  OK  [0m] Reached target Cloud-config availability.
[   24.447020] cloud-init[951]: ci-info: ++++++++++++++++++++++++++++++++++++++Net device info++++++++++++++++++++++++++++++++++++++
[   24.608368] cloud-init[951]: ci-info: +--------+------+----------------------------+---------------+--------+-------------------+
[   24.721017] cloud-init[951]: ci-info: | Device |  Up  |          Address           |      Mask     | Scope  |     Hw-Address    |
[[0;32m  OK  [0m] Reached target Network is Online.
[   24.819923] cloud-init[951]: ci-info: +--------+------+----------------------------+---------------+--------+-------------------+
[   24.928851] cloud-init[951]: ci-info: | enp0s3 | True |         10.0.2.15          | 255.255.255.0 | global | 02:93:23:4d:82:b3 |
         Starting iSCSI initiator daemon (iscsid)...
[[0;32m  OK  [0m] Reached target System Initialization.
         Starting Socket activation for snappy daemon.
[   25.007062] cloud-init[951]: ci-info: | enp0s3 | True | fe80::93:23ff:fe4d:82b3/64 |       .       |  link  | 02:93:23:4d:82:b3 |
[   25.044730] [[0;32m  OK  [0m] Started Daily apt download activities.
[[0;32m  OK  [0m] Started Daily apt upgrade and clean activities.
[[0;32m  OK  [0m] Listening on ACPID Listen Socket.
cloud-init[951]: ci-info: |   lo   | True |         127.0.0.1          |   255.0.0.0   |  host  |         .         |
[[0;32m  OK  [0m[   25.053276] ] Started ACPI Events Check.cloud-init
[951]: ci-info: |   lo   | True |          ::1/128           |       .       |  host  |         .         |
[   25.201601] [[0;32m  OK  [0m] Reached target Paths.
[[0;32m  OK  [0m] Listening on D-Bus System Message Bus Socket.
[[0;32m  OK  [0m] Started Daily Cleanup of Temporary Directories.
[[0;32m  OK  [0m] Reached target Timers.
[[0;32m  OK  [0m] Listening on UUID daemon activation socket.
cloud-init[951]: ci-info: +--------+------+----------------------------+---------------+--------+-------------------+
[   25.313110]          Starting LXD - unix socket.
cloud-init[951]: ci-info: +++++++++++++++++++++++++++Route IPv4 info++++++++++++++++++++++++++++
[   25.318880] cloud-init[951]: ci-info: +-------+-------------+----------+---------------+-----------+-------+
[   25.366212] [[0;32m  OK  [0m] Listening on Socket activation for snappy daemon.
[[0;32m  OK  [0m] Listening on LXD - unix socket.
[[0;32m  OK  [0m] Started iSCSI initiator daemon (iscsid).
cloud-init[951]: ci-info: | Route | Destination | Gateway  |    Genmask    | Interface | Flags |
[   25.544781]          Starting Login to default iSCSI targets...
[[0;32m  OK  [0m] Reached target Sockets.
[[0;32m  OK  [0m] Reached target Basic System.
cloud-init[951]: ci-info: +-------+-------------+----------+---------------+-----------+-------+
[   25.696825] [cloud-init[0;32m  OK  [0m[951]: ] ci-info: |   0   |   0.0.0.0   | 10.0.2.2 |    0.0.0.0    |   enp0s3  |   UG  |Started Deferred execution scheduler.

[   25.836500] [cloud-init[0;32m  OK  [0m[951]: ] ci-info: |   1   |   10.0.2.0  | 0.0.0.0  | 255.255.255.0 |   enp0s3  |   U   |Started D-Bus System Message Bus.

[   25.928695]          cloud-initStarting /etc/rc.local Compatibility...[951]: 
ci-info: +-------+-------------+----------+---------------+-----------+-------+
[   25.984514]          cloud-initStarting Accounts Service...[951]: 
ci-info: +++++++++++++++++++Route IPv6 info+++++++++++++++++++
         Starting OpenBSD Secure Shell server...
[   26.080663] cloud-init[951]: ci-info: +-------+-------------+---------+-----------+-------+
[   26.103178] cloud-init[951]: ci-info: | Route | Destination | Gateway | Interface | Flags |
         Starting Virtualbox guest utils...
[   26.120602] cloud-init[951]: ci-info: +-------+-------------+---------+-----------+-------+
[[0;32m  OK  [0m] Started Regular background program processing daemon.
[[0;32m  OK  [0m] Started Unattended Upgrades Shutdown.
[   26.140239] cloud-init[951]: ci-info: |   0   |  fe80::/64  |    ::   |   enp0s3  |   U   |
         Starting LXD - container startup/shutdown...
[   26.156389] cloud-init[951]: ci-info: |   3   |   ff00::/8  |    ::   |   enp0s3  |   U   |
[   26.159098] cloud-init[951]: ci-info: +-------+-------------+---------+-----------+-------+
         Starting System Logging Service...
         Starting Login Service...
         Starting LSB: MD monitoring daemon...
[[0;32m  OK  [0m] Started ACPI event daemon.
         Starting LSB: Record successful boot for GRUB...
[[0;32m  OK  [0m] Started FUSE filesystem for LXC.
         Starting Snappy daemon...
[[0;32m  OK  [0m] Started OpenBSD Secure Shell server.
[[0;32m  OK  [0m] Started System Logging Service.
[[0;32m  OK  [0m] Started /etc/rc.local Compatibility.
[[0;32m  OK  [0m] Started LXD - container startup/shutdown.
[[0;32m  OK  [0m] Started Login to default iSCSI targets.
[[0;32m  OK  [0m] Started LSB: MD monitoring daemon.
[[0;32m  OK  [0m] Started LSB: Record successful boot for GRUB.
[[0;32m  OK  [0m] Started Virtualbox guest utils.
[[0;32m  OK  [0m] Started Snappy daemon.
         Starting Authenticate and Authorize Users to Run Privileged Tasks...
         Starting Wait until snapd is fully seeded...
[[0;32m  OK  [0m] Reached target Remote File Systems (Pre).
[[0;32m  OK  [0m] Reached target Remote File Systems.
         Starting LSB: automatic crash report generation...
         Starting LSB: daemon to balance interrupts for SMP systems...
         Starting LSB: Set the CPU Frequency Scaling governor to "ondemand"...
         Starting Permit User Sessions...
[[0;32m  OK  [0m] Started Wait until snapd is fully seeded.
[[0;32m  OK  [0m] Started Permit User Sessions.
[[0;32m  OK  [0m] Started Login Service.
[[0;32m  OK  [0m] Started Authenticate and Authorize Users to Run Privileged Tasks.
[[0;32m  OK  [0m] Started Accounts Service.
[[0;32m  OK  [0m] Started LSB: automatic crash report generation.
[[0;32m  OK  [0m] Started LSB: daemon to balance interrupts for SMP systems.
[[0;32m  OK  [0m] Started LSB: Set the CPU Frequency Scaling governor to "ondemand".
         Starting Hold until boot process finishes up...
         Starting Terminate Plymouth Boot Screen...
         Starting Apply the settings specified in cloud-config...
[[0;32m  OK  [0m] Started Hold until boot process finishes up.
[[0;32m  OK  [0m] Started Terminate Plymouth Boot Screen.
         Starting Set console scheme...
[[0;32m  OK  [0m] Started Serial Getty on ttyS0.
[[0;32m  OK  [0m] Started Getty on tty1.
[[0;32m  OK  [0m] Reached target Login Prompts.
[[0;32m  OK  [0m] Reached target Multi-User System.
[[0;32m  OK  [0m] Reached target Graphical Interface.
         Starting Update UTMP about System Runlevel Changes...
[[0;32m  OK  [0m] Started Set console scheme.
[[0;32m  OK  [0m] Started Update UTMP about System Runlevel Changes.
[   27.298336] cloud-init[1176]: Cloud-init v. 18.3-9-g2e62cb8a-0ubuntu1~16.04.2 running 'modules:config' at Thu, 20 Sep 2018 20:42:40 +0000. Up 27.16 seconds.
[[0;32m  OK  [0m] Started Apply the settings specified in cloud-config.
         Starting Execute cloud user/final scripts...
[   27.710916] cloud-init[1195]: Cloud-init v. 18.3-9-g2e62cb8a-0ubuntu1~16.04.2 running 'modules:final' at Thu, 20 Sep 2018 20:42:40 +0000. Up 27.60 seconds.
[   27.732318] cloud-init[1195]: Cloud-init v. 18.3-9-g2e62cb8a-0ubuntu1~16.04.2 finished at Thu, 20 Sep 2018 20:42:41 +0000. Datasource DataSourceNoCloud [seed=/dev/sdb][dsmode=net].  Up 27.70 seconds
[[0;32m  OK  [0m] Started Execute cloud user/final scripts.
         Starting Daily apt download activities...
[[0;32m  OK  [0m] Reached target Cloud-init target.
[[0;32m  OK  [0m] Created slice User Slice of vagrant.
         Starting User Manager for UID 1000...
[[0;32m  OK  [0m] Started User Manager for UID 1000.
[[0;32m  OK  [0m] Started Session 1 of user vagrant.
         Stopping User Manager for UID 1000...
[[0;32m  OK  [0m] Stopped User Manager for UID 1000.
[[0;32m  OK  [0m] Removed slice User Slice of vagrant.

Ubuntu 16.04.5 LTS ubuntu-xenial ttyS0

ubuntu-xenial login: 